<?xml version="1.0" encoding="UTF-8"?>
<!-- Generated by org.testng.reporters.JUnitReportReporter -->
<testsuite hostname="LAPTOP-3H72KH3U" failures="0" tests="1" name="com.dqp.testcases.CloneMeasureTestPage" time="299.778" errors="0" timestamp="2021-04-27T14:34:21 IST" skipped="0">
  <testcase classname="com.dqp.testcases.CloneMeasureTestPage" name="verifyMesureData" time="299.778"/>
  <system-out/>
</testsuite> <!-- com.dqp.testcases.CloneMeasureTestPage -->
