<?xml version="1.0" encoding="UTF-8"?>
<!-- Generated by org.testng.reporters.JUnitReportReporter -->
<testsuite hostname="LAPTOP-3H72KH3U" failures="0" tests="1" name="com.dqp.testcases.EditJobsTestPage" time="184.821" errors="0" timestamp="2021-04-27T14:50:05 IST" skipped="0">
  <testcase classname="com.dqp.testcases.EditJobsTestPage" name="verifyJobData" time="184.821"/>
  <system-out/>
</testsuite> <!-- com.dqp.testcases.EditJobsTestPage -->
