<?xml version="1.0" encoding="UTF-8"?>
<!-- Generated by org.testng.reporters.JUnitReportReporter -->
<testsuite hostname="LAPTOP-3H72KH3U" failures="0" tests="4" name="com.dqp.testcases.HomeTestPage" time="119.662" errors="0" timestamp="2021-04-19T18:07:13 IST" skipped="3">
  <testcase classname="com.dqp.testcases.HomeTestPage" name="homePageTest" time="119.662"/>
  <system-out/>
  <testcase classname="com.dqp.testcases.HomeTestPage" name="verifyMesureType">
    <skipped/>
  </testcase> <!-- verifyMesureType -->
  <system-out/>
  <testcase classname="com.dqp.testcases.HomeTestPage" name="verifyMeasureTab">
    <skipped/>
  </testcase> <!-- verifyMeasureTab -->
  <system-out/>
  <testcase classname="com.dqp.testcases.HomeTestPage" name="verifyCreateMeasure">
    <skipped/>
  </testcase> <!-- verifyCreateMeasure -->
  <system-out/>
</testsuite> <!-- com.dqp.testcases.HomeTestPage -->
