<?xml version="1.0" encoding="UTF-8"?>
<!-- Generated by org.testng.reporters.JUnitReportReporter -->
<testsuite hostname="LAPTOP-3H72KH3U" failures="0" tests="4" name="com.dqp.testcases.LoginTestPage" time="59.284" errors="0" timestamp="2021-04-19T18:00:37 IST" skipped="3">
  <testcase classname="com.dqp.testcases.LoginTestPage" name="LoginTest" time="59.284"/>
  <system-out/>
  <testcase classname="com.dqp.testcases.LoginTestPage" name="logOut">
    <skipped/>
  </testcase> <!-- logOut -->
  <system-out/>
  <testcase classname="com.dqp.testcases.LoginTestPage" name="profileLink">
    <skipped/>
  </testcase> <!-- profileLink -->
  <system-out/>
  <testcase classname="com.dqp.testcases.LoginTestPage" name="loginTest">
    <skipped/>
  </testcase> <!-- loginTest -->
  <system-out/>
</testsuite> <!-- com.dqp.testcases.LoginTestPage -->
