<?xml version="1.0" encoding="UTF-8"?>
<!-- Generated by org.testng.reporters.JUnitReportReporter -->
<testsuite hostname="LAPTOP-3H72KH3U" failures="0" tests="2" name="com.dqp.testcases.CreateJobsTestPage" time="235.081" errors="0" timestamp="2021-04-27T14:46:27 IST" skipped="1">
  <testcase classname="com.dqp.testcases.CreateJobsTestPage" name="verifyJobData" time="235.081"/>
  <system-out/>
  <testcase classname="com.dqp.testcases.CreateJobsTestPage" name="verifyJobsTab">
    <skipped/>
  </testcase> <!-- verifyJobsTab -->
  <system-out/>
</testsuite> <!-- com.dqp.testcases.CreateJobsTestPage -->
