<?xml version="1.0" encoding="UTF-8"?>
<!-- Generated by org.testng.reporters.JUnitReportReporter -->
<testsuite hostname="LAPTOP-3H72KH3U" failures="0" tests="1" name="com.dqp.testcases.EditJobsTestPage" time="162.455" errors="0" timestamp="2021-04-26T19:02:48 IST" skipped="0">
  <testcase classname="com.dqp.testcases.EditJobsTestPage" name="verifyJobData" time="162.455"/>
  <system-out/>
</testsuite> <!-- com.dqp.testcases.EditJobsTestPage -->
