<?xml version="1.0" encoding="UTF-8"?>
<!-- Generated by org.testng.reporters.JUnitReportReporter -->
<testsuite hostname="LAPTOP-3H72KH3U" failures="0" tests="4" name="com.dqp.testcases.CreateMeasureAndJobTestPage" time="342.891" errors="0" timestamp="2021-04-27T14:57:31 IST" skipped="3">
  <testcase classname="com.dqp.testcases.CreateMeasureAndJobTestPage" name="verifyMesureData" time="342.891"/>
  <system-out/>
  <testcase classname="com.dqp.testcases.CreateMeasureAndJobTestPage" name="verifyMesureType">
    <skipped/>
  </testcase> <!-- verifyMesureType -->
  <system-out/>
  <testcase classname="com.dqp.testcases.CreateMeasureAndJobTestPage" name="verifyMeasureTab">
    <skipped/>
  </testcase> <!-- verifyMeasureTab -->
  <system-out/>
  <testcase classname="com.dqp.testcases.CreateMeasureAndJobTestPage" name="verifyCreateMeasure">
    <skipped/>
  </testcase> <!-- verifyCreateMeasure -->
  <system-out/>
</testsuite> <!-- com.dqp.testcases.CreateMeasureAndJobTestPage -->
