<?xml version="1.0" encoding="UTF-8"?>
<!-- Generated by org.testng.reporters.JUnitReportReporter -->
<testsuite hostname="LAPTOP-3H72KH3U" failures="0" tests="1" name="com.dqp.testcases.CreateMeasureTestPage" time="218.556" errors="0" timestamp="2021-05-27T22:13:25 IST" skipped="0">
  <testcase classname="com.dqp.testcases.CreateMeasureTestPage" name="verifyMesureData" time="218.556"/>
  <system-out/>
</testsuite> <!-- com.dqp.testcases.CreateMeasureTestPage -->
