<?xml version="1.0" encoding="UTF-8"?>
<!-- Generated by org.testng.reporters.JUnitReportReporter -->
<testsuite hostname="LAPTOP-3H72KH3U" failures="0" tests="5" name="com.dqp.testcases.EditMeasureTestPage" time="330.595" errors="0" timestamp="2021-04-26T16:49:03 IST" skipped="4">
  <testcase classname="com.dqp.testcases.EditMeasureTestPage" name="verifyEditMeasure" time="330.595"/>
  <system-out/>
  <testcase classname="com.dqp.testcases.EditMeasureTestPage" name="verifyMeasureTab">
    <skipped/>
  </testcase> <!-- verifyMeasureTab -->
  <system-out/>
  <testcase classname="com.dqp.testcases.EditMeasureTestPage" name="verifyMesureType">
    <skipped/>
  </testcase> <!-- verifyMesureType -->
  <system-out/>
  <testcase classname="com.dqp.testcases.EditMeasureTestPage" name="verifyCreateMeasure">
    <skipped/>
  </testcase> <!-- verifyCreateMeasure -->
  <system-out/>
  <testcase classname="com.dqp.testcases.EditMeasureTestPage" name="verifyMesureData">
    <skipped/>
  </testcase> <!-- verifyMesureData -->
  <system-out/>
</testsuite> <!-- com.dqp.testcases.EditMeasureTestPage -->
